<?xml version="1.0" encoding="UTF-8"?>
<!-- Generated by org.testng.reporters.JUnitReportReporter -->
<testsuite hostname="FM-LAPTOP" failures="0" tests="8" name="execution.TestExecution" time="195.595" errors="0" timestamp="2025-05-12T05:35:58 BDT" skipped="0">
  <testcase classname="execution.TestExecution" name="LoginFunctionality" time="8.157"/>
  <testcase classname="execution.TestExecution" name="LoginNegativeFunctionality" time="8.514"/>
  <testcase classname="execution.TestExecution" name="AddToCart" time="41.720"/>
  <testcase classname="execution.TestExecution" name="CheckoutProcess" time="36.753"/>
  <testcase classname="execution.TestExecution" name="SortingProducts" time="34.846"/>
  <testcase classname="execution.TestExecution" name="LogoutFunctionality" time="29.060"/>
  <testcase classname="execution.TestExecution" name="LockedOutUser" time="14.315"/>
  <testcase classname="execution.TestExecution" name="CartBadgeCount" time="22.230"/>
</testsuite> <!-- execution.TestExecution -->
